<?xml version="1.0" encoding="UTF-8"?>
<!-- Generated by org.testng.reporters.JUnitReportReporter -->
<testsuite skipped="0" hostname="DESKTOP-B8HV89C" name="com.sg.automation.driver.DriverScript" tests="1" failures="0" timestamp="2020-09-28T20:17:36 IST" time="133.346" errors="0">
  <testcase name="executeTests" time="133.346" classname="com.sg.automation.driver.DriverScript"/>
  <system-out/>
</testsuite> <!-- com.sg.automation.driver.DriverScript -->
